
File	contact_matrix/dm3.h5		
Sequenced reads	11062450		
Min rest. site distance	300		
Max library insert size	1000		

#	count	(percentage w.r.t. total sequenced reads)
Pairs mappable, unique and high quality	6309830	(57.04)
Hi-C contacts	4494301	(40.63)
One mate unmapped	349853	(3.16)
One mate not unique	3211353	(29.03)
Low mapping quality	1191414	(10.77)

#	count	(percentage w.r.t. mappable, unique and high quality pairs)
dangling end GATC	325896	(5.16)
self ligation (removed)	430980	(6.83)
One mate not close to rest site	0	(0.00)
same fragment	857688	(13.59)
self circle	23889	(0.38)
duplicated pairs	200965	(3.18)

#	count	(percentage w.r.t. total valid pairs used)
inter chromosomal	383105	(8.52)
Intra short range (< 20kb)	1634701	(36.37)
Intra long range (>= 20kb)	2476495	(55.10)
Read pair type: inward pairs	986075	(21.94)
Read pair type: outward pairs	1050852	(23.38)
Read pair type: left pairs	1037571	(23.09)
Read pair type: right pairs	1036698	(23.07)
